{
  "RSpec": {
    "coverage": {
      "/Users/antoniojackson/turing/2mod/projects/paired_adopt_dont_shop_2003/config/environment.rb": [
        null,
        1,
        null,
        null,
        1
      ],
      "/Users/antoniojackson/turing/2mod/projects/paired_adopt_dont_shop_2003/config/application.rb": [
        1,
        null,
        1,
        null,
        1,
        1,
        1,
        1,
        1,
        1,
        1,
        1,
        null,
        null,
        null,
        null,
        1,
        null,
        1,
        1,
        null,
        1,
        null,
        null,
        null,
        null,
        null,
        null,
        1,
        null,
        null
      ],
      "/Users/antoniojackson/turing/2mod/projects/paired_adopt_dont_shop_2003/config/boot.rb": [
        1,
        null,
        1
      ],
      "/Users/antoniojackson/turing/2mod/projects/paired_adopt_dont_shop_2003/config/environments/test.rb": [
        1,
        null,
        null,
        null,
        null,
        null,
        null,
        1,
        null,
        null,
        null,
        null,
        1,
        null,
        null,
        1,
        1,
        null,
        null,
        null,
        null,
        1,
        1,
        null,
        null,
        1,
        null,
        null,
        1,
        1,
        null,
        null,
        null,
        null,
        1,
        null,
        null,
        1,
        null,
        null,
        null,
        null
      ],
      "/Users/antoniojackson/turing/2mod/projects/paired_adopt_dont_shop_2003/config/initializers/application_controller_renderer.rb": [
        null,
        null,
        null,
        null,
        null,
        null,
        null,
        null
      ],
      "/Users/antoniojackson/turing/2mod/projects/paired_adopt_dont_shop_2003/config/initializers/assets.rb": [
        null,
        null,
        null,
        1,
        null,
        null,
        null,
        null,
        1,
        null,
        null,
        null,
        null,
        null
      ],
      "/Users/antoniojackson/turing/2mod/projects/paired_adopt_dont_shop_2003/config/initializers/backtrace_silencers.rb": [
        null,
        null,
        null,
        null,
        null,
        null,
        null
      ],
      "/Users/antoniojackson/turing/2mod/projects/paired_adopt_dont_shop_2003/config/initializers/cookies_serializer.rb": [
        null,
        null,
        null,
        null,
        1
      ],
      "/Users/antoniojackson/turing/2mod/projects/paired_adopt_dont_shop_2003/config/initializers/filter_parameter_logging.rb": [
        null,
        null,
        null,
        1
      ],
      "/Users/antoniojackson/turing/2mod/projects/paired_adopt_dont_shop_2003/config/initializers/inflections.rb": [
        null,
        null,
        null,
        null,
        null,
        null,
        null,
        null,
        null,
        null,
        null,
        null,
        null,
        null,
        null,
        null
      ],
      "/Users/antoniojackson/turing/2mod/projects/paired_adopt_dont_shop_2003/config/initializers/mime_types.rb": [
        null,
        null,
        null,
        null
      ],
      "/Users/antoniojackson/turing/2mod/projects/paired_adopt_dont_shop_2003/config/initializers/wrap_parameters.rb": [
        null,
        null,
        null,
        null,
        null,
        null,
        1,
        2,
        null,
        null,
        null,
        null,
        null,
        null
      ],
      "/Users/antoniojackson/turing/2mod/projects/paired_adopt_dont_shop_2003/config/routes.rb": [
        1,
        null,
        1,
        1,
        1,
        1,
        1,
        1,
        1,
        1,
        1,
        null,
        1,
        1,
        1,
        1,
        1,
        null,
        1,
        1,
        null,
        1,
        1,
        1,
        1,
        1,
        1,
        1,
        null,
        1,
        null
      ],
      "/Users/antoniojackson/turing/2mod/projects/paired_adopt_dont_shop_2003/app/helpers/application_helper.rb": [
        1,
        null
      ],
      "/Users/antoniojackson/turing/2mod/projects/paired_adopt_dont_shop_2003/app/models/shelter.rb": [
        1,
        1,
        1,
        1,
        null,
        null
      ],
      "/Users/antoniojackson/turing/2mod/projects/paired_adopt_dont_shop_2003/app/models/application_record.rb": [
        1,
        1,
        null
      ],
      "/Users/antoniojackson/turing/2mod/projects/paired_adopt_dont_shop_2003/app/models/pet.rb": [
        1,
        1,
        1,
        null,
        null
      ],
      "/Users/antoniojackson/turing/2mod/projects/paired_adopt_dont_shop_2003/app/controllers/pets_controller.rb": [
        1,
        null,
        1,
        0,
        0,
        null,
        null,
        1,
        6,
        6,
        null,
        null,
        1,
        null,
        0,
        null,
        null,
        1,
        null,
        0,
        0,
        null,
        0,
        null,
        null,
        1,
        0,
        null,
        null,
        1,
        0,
        0,
        0,
        0,
        null,
        null,
        1,
        null,
        0,
        0,
        null,
        null,
        1,
        null,
        1,
        0,
        0,
        null,
        null
      ],
      "/Users/antoniojackson/turing/2mod/projects/paired_adopt_dont_shop_2003/app/controllers/application_controller.rb": [
        1,
        1,
        null
      ],
      "/Users/antoniojackson/turing/2mod/projects/paired_adopt_dont_shop_2003/app/models/favorite.rb": [
        1,
        1,
        null,
        1,
        6,
        null,
        null,
        1,
        6,
        null,
        null
      ],
      "/Users/antoniojackson/turing/2mod/projects/paired_adopt_dont_shop_2003/app/controllers/favorites_controller.rb": [
        1,
        null,
        1,
        3,
        3,
        3,
        3,
        3,
        3,
        3,
        null,
        null
      ]
    },
    "timestamp": 1589377186
  }
}
